[ERROR 2022-05-04 11:16:19]This is error
[ERROR 2022-05-11 11:09:13]Response body Does not contain expected_msg, expected_msg is code": 0
[ERROR 2022-07-14 15:09:41]This is error
[ERROR 2024-02-20 10:46:54]Response body Does not contain expected_msg, expected_msg is status":200
[ERROR 2024-02-20 11:32:08]error log：get param fail
[ERROR 2024-02-20 11:32:47]error log：get param fail
[ERROR 2024-02-20 11:57:01]error log：get param fail
[ERROR 2024-02-20 12:00:03]error log：get param fail
[ERROR 2024-02-20 14:23:28]error log：get param fail
[ERROR 2024-02-20 14:25:01]error log：get param fail
[ERROR 2024-02-20 14:32:44]error log：get param fail
[ERROR 2024-02-20 14:46:46]error log：get param fail
[ERROR 2024-02-20 14:46:48]error log：get param fail
[ERROR 2024-02-20 14:52:35]error log：get param fail
[ERROR 2024-02-22 10:54:50]statusCode error, expected_code is 200, statusCode is 401 
[ERROR 2024-02-22 11:46:42]statusCode error, expected_code is 200, statusCode is 401 
[ERROR 2024-02-22 11:52:12]Response body Does not contain expected_msg, expected_msg is "status": 200
[ERROR 2024-02-26 14:30:07]statusCode error, expected_code is 200, statusCode is 401 
[ERROR 2024-02-26 14:35:08]Response body Does not contain expected_msg, expected_msg is "status": "200"
[ERROR 2024-02-26 14:37:53]Response body Does not contain expected_msg, expected_msg is "status": "200"
[ERROR 2024-02-26 14:41:16]error log：get param fail
[ERROR 2024-02-26 14:41:19]error log：get param fail
[ERROR 2024-02-26 14:41:19]error log：get param fail
[ERROR 2024-02-26 14:41:19]error log：get param fail
[ERROR 2024-02-26 14:47:18]error log：get param fail
[ERROR 2024-02-26 14:47:18]error log：get param fail
[ERROR 2024-02-26 14:47:18]error log：get param fail
[ERROR 2024-02-26 14:47:18]error log：get param fail
[ERROR 2024-02-26 14:47:53]error log：get param fail
[ERROR 2024-02-26 14:47:53]error log：get param fail
[ERROR 2024-02-26 14:47:53]error log：get param fail
[ERROR 2024-02-26 14:47:53]error log：get param fail
[ERROR 2024-02-26 14:48:26]error log：get param fail
[ERROR 2024-02-26 14:48:26]error log：get param fail
[ERROR 2024-02-26 14:48:26]error log：get param fail
[ERROR 2024-02-26 14:48:26]error log：get param fail
[ERROR 2024-02-26 14:49:34]error log：get param fail
[ERROR 2024-02-26 14:49:34]error log：get param fail
[ERROR 2024-02-26 14:49:34]error log：get param fail
[ERROR 2024-02-26 14:49:34]error log：get param fail
[ERROR 2024-02-26 14:53:44]error log：get param fail
[ERROR 2024-02-26 14:53:44]error log：get param fail
[ERROR 2024-02-26 14:53:44]error log：get param fail
[ERROR 2024-02-26 14:53:44]error log：get param fail
[ERROR 2024-02-26 15:00:08]error log：get param fail
[ERROR 2024-02-26 15:02:30]error log：get param fail
[ERROR 2024-02-26 15:21:09]Response body Does not contain expected_msg, expected_msg is label":"陈文哲"
[ERROR 2024-02-26 15:30:30]Response body Does not contain expected_msg, expected_msg is "status": 200
[ERROR 2024-02-26 15:30:52]Response body Does not contain expected_msg, expected_msg is "status": 200
[ERROR 2024-02-26 15:34:57]Response body Does not contain expected_msg, expected_msg is "status": 200
[ERROR 2024-02-26 15:35:08]Response body Does not contain expected_msg, expected_msg is "status": 200
[ERROR 2024-02-26 15:35:27]Response body Does not contain expected_msg, expected_msg is "status": 200
[ERROR 2024-02-26 15:38:31]Response body Does not contain expected_msg, expected_msg is "status":"200"
[ERROR 2024-02-27 17:49:17]Response body Does not contain expected_msg, expected_msg is 操作成功
[ERROR 2024-02-27 19:09:18]Response body Does not contain expected_msg, expected_msg is 操作成功
[ERROR 2024-02-28 09:24:36]Response body Does not contain expected_msg, expected_msg is 操作成功
[ERROR 2024-02-28 09:57:09]Response body Does not contain expected_msg, expected_msg is 操作成功
[ERROR 2024-02-28 11:31:08]statusCode error, expected_code is 200, statusCode is 404 
[ERROR 2024-02-28 11:58:17]statusCode error, expected_code is 200, statusCode is 404 
[ERROR 2024-02-28 13:51:56]statusCode error, expected_code is 200, statusCode is 404 
[ERROR 2024-02-28 13:53:36]statusCode error, expected_code is 200, statusCode is 404 
[ERROR 2024-02-28 13:54:12]statusCode error, expected_code is 200, statusCode is 404 
[ERROR 2024-02-28 13:56:36]statusCode error, expected_code is 200, statusCode is 404 
[ERROR 2024-02-28 14:57:11]Response body Does not contain expected_msg, expected_msg is 数字智能部
[ERROR 2024-02-28 15:08:07]Response body Does not contain expected_msg, expected_msg is 数字智能部
[ERROR 2024-02-28 15:32:54]statusCode error, expected_code is 200, statusCode is 404 
[ERROR 2024-02-28 17:36:01]Response body Does not contain expected_msg, expected_msg is 数字智能部
