[INFO 2022-04-30 23:09:13]This is info message
[INFO 2022-05-04 11:16:19]This is info message
[WARNING 2022-05-04 11:16:19]This is warning message
[ERROR 2022-05-04 11:16:19]This is error
[CRITICAL 2022-05-04 11:16:19]This is critical message
[ERROR 2022-05-11 11:09:13]Response body Does not contain expected_msg, expected_msg is code": 0
[INFO 2022-05-17 16:37:26]正在执行用例：一生约--添加用户步数
[INFO 2022-05-17 16:37:26]用例执行完毕
[INFO 2022-05-17 16:37:26]正在执行用例：一生约--添加用户步数--步数为空
[INFO 2022-05-17 16:37:27]正在执行用例：一生约--添加用户步数--步数为空
[INFO 2022-05-17 16:37:27]正在执行用例：一生约--添加用户步数--userId错误
[INFO 2022-05-17 16:37:27]正在执行用例：一生约--添加用户步数--userId错误
[INFO 2022-05-18 09:08:16]正在执行用例：一生约--添加用户步数
[INFO 2022-05-18 09:08:17]正在执行用例：一生约--添加用户步数
[INFO 2022-05-18 09:08:17]正在执行用例：一生约--添加用户步数--步数为空
[INFO 2022-05-18 09:08:17]正在执行用例：一生约--添加用户步数--步数为空
[INFO 2022-05-18 09:08:17]正在执行用例：一生约--添加用户步数--userId错误
[INFO 2022-05-18 09:08:18]正在执行用例：一生约--添加用户步数--userId错误
[INFO 2022-05-18 09:11:42]正在执行用例：一生约--添加用户步数
[INFO 2022-05-18 09:11:42]用例执行完毕
[INFO 2022-05-18 09:11:42]正在执行用例：一生约--添加用户步数--步数为空
[INFO 2022-05-18 09:11:43]正在执行用例：一生约--添加用户步数--步数为空
[INFO 2022-05-18 09:11:43]正在执行用例：一生约--添加用户步数--userId错误
[INFO 2022-05-18 09:11:43]正在执行用例：一生约--添加用户步数--userId错误
[INFO 2022-05-18 10:37:29]正在执行用例：一生约--添加用户步数
[INFO 2022-05-18 10:37:29]用例执行完毕
[INFO 2022-05-18 10:37:29]正在执行用例：一生约--添加用户步数--步数为空
[INFO 2022-05-18 10:37:29]正在执行用例：一生约--添加用户步数--步数为空
[INFO 2022-05-18 10:37:30]正在执行用例：一生约--添加用户步数--userId错误
[INFO 2022-05-18 10:37:30]正在执行用例：一生约--添加用户步数--userId错误
[INFO 2022-05-18 10:42:07]正在执行用例：一生约--添加用户步数
[INFO 2022-05-18 10:42:08]用例执行完毕
[INFO 2022-05-18 10:42:08]正在执行用例：一生约--添加用户步数--步数为空
[INFO 2022-05-18 10:42:08]正在执行用例：一生约--添加用户步数--步数为空
[INFO 2022-05-18 10:42:08]正在执行用例：一生约--添加用户步数--userId错误
[INFO 2022-05-18 10:42:08]正在执行用例：一生约--添加用户步数--userId错误
[INFO 2022-05-18 10:42:40]正在执行用例：一生约--添加用户步数
[INFO 2022-05-18 10:42:40]用例执行完毕
[INFO 2022-05-18 10:42:40]正在执行用例：一生约--添加用户步数--步数为空
[INFO 2022-05-18 10:42:40]正在执行用例：一生约--添加用户步数--步数为空
[INFO 2022-05-18 10:42:41]正在执行用例：一生约--添加用户步数--userId错误
[INFO 2022-05-18 10:42:41]正在执行用例：一生约--添加用户步数--userId错误
[INFO 2022-05-18 10:57:38]正在执行用例：一生约--添加用户步数
[INFO 2022-05-18 10:57:38]用例执行完毕
[INFO 2022-05-18 10:57:38]正在执行用例：一生约--添加用户步数--步数为空
[INFO 2022-05-18 10:57:38]正在执行用例：一生约--添加用户步数--步数为空
[INFO 2022-05-18 10:57:38]正在执行用例：一生约--添加用户步数--userId错误
[INFO 2022-05-18 10:57:39]正在执行用例：一生约--添加用户步数--userId错误
[INFO 2022-05-18 10:59:19]正在执行用例：一生约--添加用户步数
[INFO 2022-05-18 10:59:20]用例执行完毕
[INFO 2022-05-18 10:59:20]正在执行用例：一生约--添加用户步数--步数为空
[INFO 2022-05-18 10:59:20]正在执行用例：一生约--添加用户步数--步数为空
[INFO 2022-05-18 10:59:20]正在执行用例：一生约--添加用户步数--userId错误
[INFO 2022-05-18 10:59:20]正在执行用例：一生约--添加用户步数--userId错误
[INFO 2022-05-18 11:42:28]正在执行用例：一生约--添加用户步数
[INFO 2022-05-18 11:42:28]用例执行完毕
[INFO 2022-05-18 11:42:28]正在执行用例：一生约--添加用户步数--步数为空
[INFO 2022-05-18 11:42:28]正在执行用例：一生约--添加用户步数--步数为空
[INFO 2022-05-18 11:42:29]正在执行用例：一生约--添加用户步数--userId错误
[INFO 2022-05-18 11:42:29]正在执行用例：一生约--添加用户步数--userId错误
[INFO 2022-05-18 11:52:45]正在执行用例：一生约--添加用户步数
[INFO 2022-05-18 11:53:51]用例执行完毕
[INFO 2022-05-18 11:54:02]正在执行用例：一生约--添加用户步数--步数为空
[INFO 2022-05-18 11:54:03]正在执行用例：一生约--添加用户步数--步数为空
[INFO 2022-05-18 11:54:04]正在执行用例：一生约--添加用户步数--userId错误
[INFO 2022-05-18 11:54:05]正在执行用例：一生约--添加用户步数--userId错误
[INFO 2022-05-19 12:07:21]正在执行用例：一生约--添加用户步数
[INFO 2022-05-19 12:07:22]用例执行完毕
[INFO 2022-05-19 12:07:22]正在执行用例：一生约--添加用户步数--步数为空
[INFO 2022-05-19 12:07:22]正在执行用例：一生约--添加用户步数--步数为空
[INFO 2022-05-19 12:07:22]正在执行用例：一生约--添加用户步数--userId错误
[INFO 2022-05-19 12:07:23]正在执行用例：一生约--添加用户步数--userId错误
[INFO 2022-05-19 12:08:37]正在执行用例：一生约--添加用户步数
[INFO 2022-05-19 12:08:38]用例执行完毕
[INFO 2022-05-19 12:08:38]正在执行用例：一生约--添加用户步数--步数为空
[INFO 2022-05-19 12:08:38]正在执行用例：一生约--添加用户步数--步数为空
[INFO 2022-05-19 12:08:38]正在执行用例：一生约--添加用户步数--userId错误
[INFO 2022-05-19 12:08:38]正在执行用例：一生约--添加用户步数--userId错误
[INFO 2022-05-19 12:12:39]正在执行用例：一生约--添加用户步数
[INFO 2022-05-19 12:12:39]用例执行完毕
[INFO 2022-05-19 12:12:39]正在执行用例：一生约--添加用户步数--步数为空
[INFO 2022-05-19 12:12:40]正在执行用例：一生约--添加用户步数--步数为空
[INFO 2022-05-19 12:12:40]正在执行用例：一生约--添加用户步数--userId错误
[INFO 2022-05-19 12:12:40]正在执行用例：一生约--添加用户步数--userId错误
[INFO 2022-05-19 12:13:39]正在执行用例：一生约--添加用户步数
[INFO 2022-05-19 12:13:39]用例执行完毕
[INFO 2022-05-19 12:13:39]正在执行用例：一生约--添加用户步数--步数为空
[INFO 2022-05-19 12:13:40]正在执行用例：一生约--添加用户步数--步数为空
[INFO 2022-05-19 12:13:40]正在执行用例：一生约--添加用户步数--userId错误
[INFO 2022-05-19 12:13:40]正在执行用例：一生约--添加用户步数--userId错误
[INFO 2022-05-19 12:15:32]正在执行用例：一生约--添加用户步数
[INFO 2022-05-19 12:15:32]用例执行完毕
[INFO 2022-05-19 12:15:32]正在执行用例：一生约--添加用户步数--步数为空
[INFO 2022-05-19 12:15:33]正在执行用例：一生约--添加用户步数--步数为空
[INFO 2022-05-19 12:15:33]正在执行用例：一生约--添加用户步数--userId错误
[INFO 2022-05-19 12:15:33]正在执行用例：一生约--添加用户步数--userId错误
[INFO 2022-05-19 12:16:38]正在执行用例：一生约--添加用户步数
[INFO 2022-05-19 12:16:38]用例执行完毕
[INFO 2022-05-19 12:16:38]正在执行用例：一生约--添加用户步数--步数为空
[INFO 2022-05-19 12:16:38]正在执行用例：一生约--添加用户步数--步数为空
[INFO 2022-05-19 12:16:39]正在执行用例：一生约--添加用户步数--userId错误
[INFO 2022-05-19 12:16:39]正在执行用例：一生约--添加用户步数--userId错误
[INFO 2022-05-23 10:34:48]正在执行用例：一生约--添加用户步数
[INFO 2022-05-23 10:34:48]用例执行完毕
[INFO 2022-05-23 10:34:48]正在执行用例：一生约--添加用户步数--步数为空
[INFO 2022-05-23 10:34:48]正在执行用例：一生约--添加用户步数--步数为空
[INFO 2022-05-23 10:34:48]正在执行用例：一生约--添加用户步数--userId错误
[INFO 2022-05-23 10:34:49]正在执行用例：一生约--添加用户步数--userId错误
[INFO 2022-05-23 10:58:37]正在执行用例：一生约--添加用户步数
[INFO 2022-05-23 11:01:50]用例执行完毕
[INFO 2022-05-27 15:07:17]正在执行用例：一生约--添加用户步数
[INFO 2022-05-27 15:44:55]正在执行用例：一生约--添加用户步数
[INFO 2022-05-27 15:44:55]正在执行用例：一生约--添加用户步数
[INFO 2022-05-27 15:44:55]正在执行用例：一生约--添加用户步数--步数为空
[INFO 2022-05-27 15:44:55]正在执行用例：一生约--添加用户步数--步数为空
[INFO 2022-05-27 15:44:55]正在执行用例：一生约--添加用户步数--userId错误
[INFO 2022-05-27 15:44:56]正在执行用例：一生约--添加用户步数--userId错误
[INFO 2022-05-27 15:44:56]正在执行用例：一生约--添加用户步数
[INFO 2022-05-27 15:44:56]正在执行用例：一生约--添加用户步数
[INFO 2022-05-27 15:44:56]正在执行用例：一生约--添加用户步数--步数为空
[INFO 2022-05-27 15:44:57]正在执行用例：一生约--添加用户步数--步数为空
[INFO 2022-05-27 15:44:57]正在执行用例：一生约--添加用户步数--userId错误
[INFO 2022-05-27 15:44:57]正在执行用例：一生约--添加用户步数--userId错误
[INFO 2022-05-27 15:49:07]正在执行用例：一生约--添加用户步数
[INFO 2022-05-27 15:49:07]正在执行用例：一生约--添加用户步数
[INFO 2022-05-27 15:49:07]正在执行用例：一生约--添加用户步数--步数为空
[INFO 2022-05-27 15:49:07]正在执行用例：一生约--添加用户步数--步数为空
[INFO 2022-05-27 15:49:07]正在执行用例：一生约--添加用户步数--userId错误
[INFO 2022-05-27 15:49:07]正在执行用例：一生约--添加用户步数--userId错误
[INFO 2022-05-27 15:49:07]正在执行用例：一生约--添加用户步数
[INFO 2022-05-27 15:49:07]正在执行用例：一生约--添加用户步数
[INFO 2022-05-27 15:49:07]正在执行用例：一生约--添加用户步数--步数为空
[INFO 2022-05-27 15:49:07]正在执行用例：一生约--添加用户步数--步数为空
[INFO 2022-05-27 15:49:07]正在执行用例：一生约--添加用户步数--userId错误
[INFO 2022-05-27 15:49:08]正在执行用例：一生约--添加用户步数--userId错误
[INFO 2022-05-27 15:53:55]正在执行用例：一生约--添加用户步数
[INFO 2022-05-27 15:53:55]正在执行用例：一生约--添加用户步数
[INFO 2022-05-27 15:53:55]正在执行用例：一生约--添加用户步数--步数为空
[INFO 2022-05-27 15:53:55]正在执行用例：一生约--添加用户步数--步数为空
[INFO 2022-05-27 15:53:55]正在执行用例：一生约--添加用户步数--userId错误
[INFO 2022-05-27 15:53:55]正在执行用例：一生约--添加用户步数--userId错误
[INFO 2022-05-27 15:53:55]正在执行用例：一生约--添加用户步数
[INFO 2022-05-27 15:53:55]正在执行用例：一生约--添加用户步数
[INFO 2022-05-27 15:53:55]正在执行用例：一生约--添加用户步数--步数为空
[INFO 2022-05-27 15:53:56]正在执行用例：一生约--添加用户步数--步数为空
[INFO 2022-05-27 15:53:56]正在执行用例：一生约--添加用户步数--userId错误
[INFO 2022-05-27 15:53:56]正在执行用例：一生约--添加用户步数--userId错误
[INFO 2022-05-27 16:04:29]正在执行用例：一生约--添加用户步数
[INFO 2022-05-27 16:04:30]正在执行用例：一生约--添加用户步数
[INFO 2022-05-27 16:04:30]正在执行用例：一生约--添加用户步数--步数为空
[INFO 2022-05-27 16:04:30]正在执行用例：一生约--添加用户步数--步数为空
[INFO 2022-05-27 16:04:31]正在执行用例：一生约--添加用户步数--userId错误
[INFO 2022-05-27 16:04:31]正在执行用例：一生约--添加用户步数--userId错误
[INFO 2022-05-27 16:05:01]正在执行用例：一生约--添加用户步数
[INFO 2022-05-27 16:05:01]正在执行用例：一生约--添加用户步数
[INFO 2022-05-27 16:05:02]正在执行用例：一生约--添加用户步数--步数为空
[INFO 2022-05-27 16:05:02]正在执行用例：一生约--添加用户步数--步数为空
[INFO 2022-05-27 16:05:02]正在执行用例：一生约--添加用户步数--userId错误
[INFO 2022-05-27 16:05:02]正在执行用例：一生约--添加用户步数--userId错误
[INFO 2022-05-27 16:07:23]正在执行用例：一生约--添加用户步数
[INFO 2022-05-27 16:07:23]正在执行用例：一生约--添加用户步数
[INFO 2022-05-27 16:07:23]正在执行用例：一生约--添加用户步数--步数为空
[INFO 2022-05-27 16:07:23]正在执行用例：一生约--添加用户步数--步数为空
[INFO 2022-05-27 16:07:23]正在执行用例：一生约--添加用户步数--userId错误
[INFO 2022-05-27 16:07:23]正在执行用例：一生约--添加用户步数--userId错误
[INFO 2022-05-27 16:15:50]正在执行用例：一生约--添加用户步数
[INFO 2022-05-27 16:15:51]用例执行完毕
[INFO 2022-05-27 16:15:51]正在执行用例：一生约--添加用户步数--步数为空
[INFO 2022-05-27 16:15:52]正在执行用例：一生约--添加用户步数--步数为空
[INFO 2022-05-27 16:15:53]正在执行用例：一生约--添加用户步数--userId错误
[INFO 2022-05-27 16:15:53]正在执行用例：一生约--添加用户步数--userId错误
[INFO 2022-05-27 16:15:54]正在执行用例：一生约--添加用户步数
[INFO 2022-05-27 16:15:54]正在执行用例：一生约--添加用户步数
[INFO 2022-05-27 16:15:54]正在执行用例：一生约--添加用户步数--步数为空
[INFO 2022-05-27 16:15:54]正在执行用例：一生约--添加用户步数--步数为空
[INFO 2022-05-27 16:15:54]正在执行用例：一生约--添加用户步数--userId错误
[INFO 2022-05-27 16:15:54]正在执行用例：一生约--添加用户步数--userId错误
[INFO 2022-05-31 13:32:46]正在执行用例：一生约--添加用户步数
[INFO 2022-05-31 13:32:46]用例执行完毕
[INFO 2022-05-31 13:32:46]正在执行用例：一生约--添加用户步数--步数为空
[INFO 2022-05-31 13:32:48]正在执行用例：一生约--添加用户步数--步数为空
[INFO 2022-05-31 13:32:49]正在执行用例：一生约--添加用户步数--userId错误
[INFO 2022-05-31 13:32:49]正在执行用例：一生约--添加用户步数--userId错误
[INFO 2022-05-31 13:32:49]正在执行用例：一生约--添加用户步数
[INFO 2022-05-31 13:32:49]正在执行用例：一生约--添加用户步数
[INFO 2022-05-31 13:32:49]正在执行用例：一生约--添加用户步数--步数为空
[INFO 2022-05-31 13:32:49]正在执行用例：一生约--添加用户步数--步数为空
[INFO 2022-05-31 13:32:49]正在执行用例：一生约--添加用户步数--userId错误
[INFO 2022-05-31 13:32:49]正在执行用例：一生约--添加用户步数--userId错误
[INFO 2022-05-31 13:34:13]正在执行用例：一生约--添加用户步数
[INFO 2022-05-31 13:34:14]用例执行完毕
[INFO 2022-05-31 13:34:14]正在执行用例：一生约--添加用户步数--步数为空
[INFO 2022-05-31 13:34:14]正在执行用例：一生约--添加用户步数--步数为空
[INFO 2022-05-31 13:34:15]正在执行用例：一生约--添加用户步数--userId错误
[INFO 2022-05-31 13:34:17]正在执行用例：一生约--添加用户步数--userId错误
[INFO 2022-05-31 13:34:17]正在执行用例：一生约--添加用户步数
[INFO 2022-05-31 13:34:17]正在执行用例：一生约--添加用户步数
[INFO 2022-05-31 13:34:17]正在执行用例：一生约--添加用户步数--步数为空
[INFO 2022-05-31 13:34:17]正在执行用例：一生约--添加用户步数--步数为空
[INFO 2022-05-31 13:34:17]正在执行用例：一生约--添加用户步数--userId错误
[INFO 2022-05-31 13:34:18]正在执行用例：一生约--添加用户步数--userId错误
[INFO 2022-05-31 13:35:30]正在执行用例：一生约--添加用户步数
[INFO 2022-05-31 13:35:30]用例执行完毕
[INFO 2022-05-31 13:35:30]正在执行用例：一生约--添加用户步数--步数为空
[INFO 2022-05-31 13:35:31]正在执行用例：一生约--添加用户步数--步数为空
[INFO 2022-05-31 13:35:31]正在执行用例：一生约--添加用户步数--userId错误
[INFO 2022-05-31 13:35:31]正在执行用例：一生约--添加用户步数--userId错误
[INFO 2022-05-31 13:35:32]正在执行用例：一生约--添加用户步数
[INFO 2022-05-31 13:35:32]正在执行用例：一生约--添加用户步数
[INFO 2022-05-31 13:35:32]正在执行用例：一生约--添加用户步数--步数为空
[INFO 2022-05-31 13:35:32]正在执行用例：一生约--添加用户步数--步数为空
[INFO 2022-05-31 13:35:32]正在执行用例：一生约--添加用户步数--userId错误
[INFO 2022-05-31 13:35:32]正在执行用例：一生约--添加用户步数--userId错误
[INFO 2022-05-31 15:16:23]正在执行用例：一生约--添加用户步数
[INFO 2022-05-31 15:16:23]正在执行用例：一生约--添加用户步数
[INFO 2022-05-31 15:16:23]正在执行用例：一生约--添加用户步数--步数为空
[INFO 2022-05-31 15:16:23]正在执行用例：一生约--添加用户步数--步数为空
[INFO 2022-05-31 15:16:23]正在执行用例：一生约--添加用户步数--userId错误
[INFO 2022-05-31 15:16:23]正在执行用例：一生约--添加用户步数--userId错误
[INFO 2022-05-31 15:16:24]正在执行用例：一生约--添加用户步数
[INFO 2022-05-31 15:16:24]正在执行用例：一生约--添加用户步数
[INFO 2022-05-31 15:16:24]正在执行用例：一生约--添加用户步数--步数为空
[INFO 2022-05-31 15:16:24]正在执行用例：一生约--添加用户步数--步数为空
[INFO 2022-05-31 15:16:24]正在执行用例：一生约--添加用户步数--userId错误
[INFO 2022-05-31 15:16:24]正在执行用例：一生约--添加用户步数--userId错误
[INFO 2022-05-31 15:17:29]正在执行用例：一生约--添加用户步数
[INFO 2022-05-31 15:17:29]正在执行用例：一生约--添加用户步数
[INFO 2022-05-31 15:17:29]正在执行用例：一生约--添加用户步数--步数为空
[INFO 2022-05-31 15:17:29]正在执行用例：一生约--添加用户步数--步数为空
[INFO 2022-05-31 15:17:29]正在执行用例：一生约--添加用户步数--userId错误
[INFO 2022-05-31 15:17:29]正在执行用例：一生约--添加用户步数--userId错误
[INFO 2022-07-14 15:09:41]This is info message
[WARNING 2022-07-14 15:09:41]This is warning message
[ERROR 2022-07-14 15:09:41]This is error
[CRITICAL 2022-07-14 15:09:41]This is critical message
[ERROR 2024-02-20 10:46:54]Response body Does not contain expected_msg, expected_msg is status":200
[ERROR 2024-02-20 11:32:08]error log：get param fail
[ERROR 2024-02-20 11:32:47]error log：get param fail
[ERROR 2024-02-20 11:57:01]error log：get param fail
[ERROR 2024-02-20 12:00:03]error log：get param fail
[ERROR 2024-02-20 14:23:28]error log：get param fail
[ERROR 2024-02-20 14:25:01]error log：get param fail
[ERROR 2024-02-20 14:32:44]error log：get param fail
[ERROR 2024-02-20 14:46:46]error log：get param fail
[ERROR 2024-02-20 14:46:48]error log：get param fail
[ERROR 2024-02-20 14:52:35]error log：get param fail
[ERROR 2024-02-22 10:54:50]statusCode error, expected_code is 200, statusCode is 401 
[ERROR 2024-02-22 11:46:42]statusCode error, expected_code is 200, statusCode is 401 
[ERROR 2024-02-22 11:52:12]Response body Does not contain expected_msg, expected_msg is "status": 200
[ERROR 2024-02-26 14:30:07]statusCode error, expected_code is 200, statusCode is 401 
[ERROR 2024-02-26 14:35:08]Response body Does not contain expected_msg, expected_msg is "status": "200"
[ERROR 2024-02-26 14:37:53]Response body Does not contain expected_msg, expected_msg is "status": "200"
[ERROR 2024-02-26 14:41:16]error log：get param fail
[ERROR 2024-02-26 14:41:19]error log：get param fail
[ERROR 2024-02-26 14:41:19]error log：get param fail
[ERROR 2024-02-26 14:41:19]error log：get param fail
[ERROR 2024-02-26 14:47:18]error log：get param fail
[ERROR 2024-02-26 14:47:18]error log：get param fail
[ERROR 2024-02-26 14:47:18]error log：get param fail
[ERROR 2024-02-26 14:47:18]error log：get param fail
[ERROR 2024-02-26 14:47:53]error log：get param fail
[ERROR 2024-02-26 14:47:53]error log：get param fail
[ERROR 2024-02-26 14:47:53]error log：get param fail
[ERROR 2024-02-26 14:47:53]error log：get param fail
[ERROR 2024-02-26 14:48:26]error log：get param fail
[ERROR 2024-02-26 14:48:26]error log：get param fail
[ERROR 2024-02-26 14:48:26]error log：get param fail
[ERROR 2024-02-26 14:48:26]error log：get param fail
[ERROR 2024-02-26 14:49:34]error log：get param fail
[ERROR 2024-02-26 14:49:34]error log：get param fail
[ERROR 2024-02-26 14:49:34]error log：get param fail
[ERROR 2024-02-26 14:49:34]error log：get param fail
[ERROR 2024-02-26 14:53:44]error log：get param fail
[ERROR 2024-02-26 14:53:44]error log：get param fail
[ERROR 2024-02-26 14:53:44]error log：get param fail
[ERROR 2024-02-26 14:53:44]error log：get param fail
[ERROR 2024-02-26 15:00:08]error log：get param fail
[ERROR 2024-02-26 15:02:30]error log：get param fail
[ERROR 2024-02-26 15:21:09]Response body Does not contain expected_msg, expected_msg is label":"陈文哲"
[ERROR 2024-02-26 15:30:30]Response body Does not contain expected_msg, expected_msg is "status": 200
[ERROR 2024-02-26 15:30:52]Response body Does not contain expected_msg, expected_msg is "status": 200
[ERROR 2024-02-26 15:34:57]Response body Does not contain expected_msg, expected_msg is "status": 200
[ERROR 2024-02-26 15:35:08]Response body Does not contain expected_msg, expected_msg is "status": 200
[ERROR 2024-02-26 15:35:27]Response body Does not contain expected_msg, expected_msg is "status": 200
[ERROR 2024-02-26 15:38:31]Response body Does not contain expected_msg, expected_msg is "status":"200"
[ERROR 2024-02-27 17:49:17]Response body Does not contain expected_msg, expected_msg is 操作成功
[ERROR 2024-02-27 19:09:18]Response body Does not contain expected_msg, expected_msg is 操作成功
[ERROR 2024-02-28 09:24:36]Response body Does not contain expected_msg, expected_msg is 操作成功
[ERROR 2024-02-28 09:57:09]Response body Does not contain expected_msg, expected_msg is 操作成功
[ERROR 2024-02-28 11:31:08]statusCode error, expected_code is 200, statusCode is 404 
[ERROR 2024-02-28 11:58:17]statusCode error, expected_code is 200, statusCode is 404 
[ERROR 2024-02-28 13:51:56]statusCode error, expected_code is 200, statusCode is 404 
[ERROR 2024-02-28 13:53:36]statusCode error, expected_code is 200, statusCode is 404 
[ERROR 2024-02-28 13:54:12]statusCode error, expected_code is 200, statusCode is 404 
[ERROR 2024-02-28 13:56:36]statusCode error, expected_code is 200, statusCode is 404 
[ERROR 2024-02-28 14:57:11]Response body Does not contain expected_msg, expected_msg is 数字智能部
[ERROR 2024-02-28 15:08:07]Response body Does not contain expected_msg, expected_msg is 数字智能部
[ERROR 2024-02-28 15:32:54]statusCode error, expected_code is 200, statusCode is 404 
[ERROR 2024-02-28 17:36:01]Response body Does not contain expected_msg, expected_msg is 数字智能部
[ERROR 2024-02-29 13:53:25]Response body Does not contain expected_msg, expected_msg is 操作成功
[ERROR 2024-02-29 14:30:55]Response body Does not contain expected_msg, expected_msg is 操作成功
[ERROR 2024-02-29 14:41:19]Response body Does not contain expected_msg, expected_msg is 操作成功
[ERROR 2024-02-29 16:26:30]error log：get param fail
[ERROR 2024-02-29 16:31:24]error log：get param fail
[ERROR 2024-03-01 11:51:21]error log：get param fail
[ERROR 2024-03-01 11:51:25]error log：get param fail
[ERROR 2024-03-01 11:51:25]error log：get param fail
[ERROR 2024-03-01 13:57:42]error log：get param fail
[ERROR 2024-03-01 14:50:43]Response body Does not contain expected_msg, expected_msg is 操作成功
[ERROR 2024-03-01 15:34:01]Response body Does not contain expected_msg, expected_msg is 操作成功
[ERROR 2024-03-04 10:17:16]Response body Does not contain expected_msg, expected_msg is 新能通达
[ERROR 2024-03-04 10:30:44]error log：get param fail
[ERROR 2024-03-04 10:30:47]error log：get param fail
[ERROR 2024-03-04 10:30:50]error log：get param fail
[ERROR 2024-03-04 10:35:07]error log：get param fail
[ERROR 2024-03-04 10:35:10]error log：get param fail
[ERROR 2024-03-04 10:35:13]error log：get param fail
[ERROR 2024-03-04 10:38:41]error log：get param fail
[ERROR 2024-03-04 10:38:44]error log：get param fail
[ERROR 2024-03-04 10:38:52]error log：get param fail
[ERROR 2024-03-05 11:04:27]error log：get param fail
[ERROR 2024-03-05 11:53:54]error log：get param fail
[ERROR 2024-03-05 15:41:14]Response body Does not contain expected_msg, expected_msg is 操作成功
[ERROR 2024-03-05 15:46:14]error log：get param fail
[ERROR 2024-03-05 17:22:04]Response body Does not contain expected_msg, expected_msg is 测试请假_AT_AT-自动化_2024-03-05
[ERROR 2024-03-05 17:26:37]error log：get param fail
[ERROR 2024-03-05 17:26:56]error log：get param fail
